<?xml version="1.0" encoding="UTF-8"?>
<testng-results skipped="0" failed="0" total="1" passed="1">
  <reporter-output>
  </reporter-output>
  <suite name="Surefire suite" duration-ms="5134" started-at="2020-06-05T10:01:16Z" finished-at="2020-06-05T10:01:21Z">
    <groups>
      <group name="cucumber">
        <method signature="AbstractTestNGCucumberTests.feature(cucumber.api.testng.CucumberFeatureWrapper)[pri:0, instance:Runner.TestRunner@2c6a3f77]" name="feature" class="cucumber.api.testng.AbstractTestNGCucumberTests"/>
      </group> <!-- cucumber -->
    </groups>
    <test name="Surefire test" duration-ms="5134" started-at="2020-06-05T10:01:16Z" finished-at="2020-06-05T10:01:21Z">
      <class name="Runner.TestRunner">
        <test-method status="PASS" signature="setUpClass()[pri:0, instance:Runner.TestRunner@2c6a3f77]" name="setUpClass" is-config="true" duration-ms="144" started-at="2020-06-05T12:01:16Z" finished-at="2020-06-05T12:01:16Z">
          <reporter-output>
          </reporter-output>
        </test-method> <!-- setUpClass -->
        <test-method status="PASS" signature="feature(cucumber.api.testng.CucumberFeatureWrapper)[pri:0, instance:Runner.TestRunner@2c6a3f77]" name="feature" duration-ms="4787" started-at="2020-06-05T12:01:16Z" description="Runs Cucumber Feature" data-provider="features" finished-at="2020-06-05T12:01:21Z">
          <params>
            <param index="0">
              <value>
                <![CDATA[Login Feature]]>
              </value>
            </param>
          </params>
          <reporter-output>
          </reporter-output>
        </test-method> <!-- feature -->
        <test-method status="PASS" signature="tearDownClass()[pri:0, instance:Runner.TestRunner@2c6a3f77]" name="tearDownClass" is-config="true" duration-ms="155" started-at="2020-06-05T12:01:21Z" finished-at="2020-06-05T12:01:21Z">
          <reporter-output>
          </reporter-output>
        </test-method> <!-- tearDownClass -->
      </class> <!-- Runner.TestRunner -->
    </test> <!-- Surefire test -->
  </suite> <!-- Surefire suite -->
</testng-results>
